<?xml version="1.0" encoding="UTF-8"?>
<!-- Generated by org.testng.reporters.JUnitReportReporter -->
<testsuite hostname="DESKTOP-3734UP4" failures="0" tests="1" name="Test.Test1" time="2.659" errors="0" timestamp="2021-02-18T22:27:32 IST" skipped="0">
  <testcase classname="Test.Test1" name="getsetup" time="2.659"/>
</testsuite> <!-- Test.Test1 -->
